<?xml version="1.0" encoding="UTF-8"?>
<!-- Generated by org.testng.reporters.JUnitReportReporter -->
<testsuite hostname="Diggory" failures="0" tests="3" name="com.hsh.demo.login.UserNGTest" time="14.413" errors="0" timestamp="2024-06-12T12:30:30 ICT" skipped="0">
  <testcase classname="com.hsh.demo.login.UserNGTest" name="testLoginWithUserAndPasswordIsCorrect" time="6.066"/>
  <testcase classname="com.hsh.demo.login.UserNGTest" name="testLoginWithUserAndPasswordNotCorrect" time="4.357"/>
  <testcase classname="com.hsh.demo.login.UserNGTest" name="testLoginWithUserNotCorrectAndPasswordNotCorrect" time="3.990"/>
</testsuite> <!-- com.hsh.demo.login.UserNGTest -->
