<?xml version="1.0" encoding="UTF-8"?>
<!-- Generated by org.testng.reporters.JUnitReportReporter -->
<testsuite hostname="Diggory" failures="0" tests="3" name="com.hsh.demo.login.UserNGTest" time="59.185" errors="0" timestamp="2024-06-12T15:02:14 ICT" skipped="0">
  <testcase classname="com.hsh.demo.login.UserNGTest" name="testLoginWithUserAndPasswordNotCorrect" time="47.411"/>
  <testcase classname="com.hsh.demo.login.UserNGTest" name="testLoginWithUserNotCorrectAndPasswordNotCorrect" time="5.685"/>
  <testcase classname="com.hsh.demo.login.UserNGTest" name="testLoginWithUserAndPasswordIsCorrect" time="6.089"/>
</testsuite> <!-- com.hsh.demo.login.UserNGTest -->
