<?xml version="1.0" encoding="UTF-8"?>
<!-- Generated by org.testng.reporters.JUnitReportReporter -->
<testsuite hostname="Diggory" failures="0" tests="3" name="com.hsh.demo.login.UserNGTest" time="11.693" errors="0" timestamp="2024-06-11T23:20:23 ICT" skipped="0">
  <testcase classname="com.hsh.demo.login.UserNGTest" name="testLoginWithUserAndPasswordNotCorrect" time="5.260"/>
  <testcase classname="com.hsh.demo.login.UserNGTest" name="testLoginWithUserNotCorrectAndPasswordNotCorrect" time="3.319"/>
  <testcase classname="com.hsh.demo.login.UserNGTest" name="testLoginWithUserAndPasswordIsCorrect" time="3.114"/>
</testsuite> <!-- com.hsh.demo.login.UserNGTest -->
