<?xml version="1.0" encoding="UTF-8"?>
<!-- Generated by org.testng.reporters.JUnitReportReporter -->
<testsuite hostname="Diggory" failures="0" tests="1" name="com.hsh.demo.login.UserNGTest" time="4.599" errors="0" timestamp="2024-06-11T20:02:59 ICT" skipped="0">
  <testcase classname="com.hsh.demo.login.UserNGTest" name="testTableSortAndSearch" time="4.599"/>
</testsuite> <!-- com.hsh.demo.login.UserNGTest -->
